mode: count
api/src/controllers/controlers_login.go:17.52,19.17 2 0
api/src/controllers/controlers_login.go:23.2,26.17 3 0
api/src/controllers/controlers_login.go:32.2,33.17 2 0
api/src/controllers/controlers_login.go:38.2,40.17 3 0
api/src/controllers/controlers_login.go:45.2,46.17 2 0
api/src/controllers/controlers_login.go:53.2,54.17 2 0
api/src/controllers/controlers_login.go:59.2,61.90 2 0
api/src/controllers/controlers_login.go:19.17,21.3 1 0
api/src/controllers/controlers_login.go:26.17,29.3 2 0
api/src/controllers/controlers_login.go:33.17,36.3 2 0
api/src/controllers/controlers_login.go:40.17,43.3 2 0
api/src/controllers/controlers_login.go:46.17,49.3 2 0
api/src/controllers/controlers_login.go:54.17,57.3 2 0
api/src/controllers/controllers_publicacao.go:19.61,21.17 2 0
api/src/controllers/controllers_publicacao.go:26.2,27.17 2 0
api/src/controllers/controllers_publicacao.go:32.2,35.17 3 0
api/src/controllers/controllers_publicacao.go:40.2,41.17 2 0
api/src/controllers/controllers_publicacao.go:46.2,50.48 3 0
api/src/controllers/controllers_publicacao.go:54.2,56.17 3 0
api/src/controllers/controllers_publicacao.go:62.2,62.51 1 0
api/src/controllers/controllers_publicacao.go:21.17,24.3 2 0
api/src/controllers/controllers_publicacao.go:27.17,30.3 2 0
api/src/controllers/controllers_publicacao.go:35.17,38.3 2 0
api/src/controllers/controllers_publicacao.go:41.17,44.3 2 0
api/src/controllers/controllers_publicacao.go:50.48,52.3 1 0
api/src/controllers/controllers_publicacao.go:56.17,60.3 3 0
api/src/controllers/controllers_publicacao.go:65.61,67.17 2 0
api/src/controllers/controllers_publicacao.go:72.2,73.17 2 0
api/src/controllers/controllers_publicacao.go:78.2,82.17 4 0
api/src/controllers/controllers_publicacao.go:87.2,87.47 1 0
api/src/controllers/controllers_publicacao.go:67.17,70.3 2 0
api/src/controllers/controllers_publicacao.go:73.17,76.3 2 0
api/src/controllers/controllers_publicacao.go:82.17,85.3 2 0
api/src/controllers/controllers_publicacao.go:90.62,93.17 3 0
api/src/controllers/controllers_publicacao.go:98.2,99.17 2 0
api/src/controllers/controllers_publicacao.go:104.2,108.17 4 0
api/src/controllers/controllers_publicacao.go:113.2,113.46 1 0
api/src/controllers/controllers_publicacao.go:93.17,96.3 2 0
api/src/controllers/controllers_publicacao.go:99.17,102.3 2 0
api/src/controllers/controllers_publicacao.go:108.17,111.3 2 0
api/src/controllers/controllers_publicacao.go:116.60,118.17 2 0
api/src/controllers/controllers_publicacao.go:123.2,125.17 3 0
api/src/controllers/controllers_publicacao.go:130.2,131.17 2 0
api/src/controllers/controllers_publicacao.go:136.2,141.57 4 0
api/src/controllers/controllers_publicacao.go:146.2,147.17 2 0
api/src/controllers/controllers_publicacao.go:152.2,154.17 3 0
api/src/controllers/controllers_publicacao.go:159.2,159.48 1 0
api/src/controllers/controllers_publicacao.go:164.2,165.17 2 0
api/src/controllers/controllers_publicacao.go:170.2,170.46 1 0
api/src/controllers/controllers_publicacao.go:118.17,121.3 2 0
api/src/controllers/controllers_publicacao.go:125.17,128.3 2 0
api/src/controllers/controllers_publicacao.go:131.17,134.3 2 0
api/src/controllers/controllers_publicacao.go:141.57,144.3 2 0
api/src/controllers/controllers_publicacao.go:147.17,150.3 2 0
api/src/controllers/controllers_publicacao.go:154.17,157.3 2 0
api/src/controllers/controllers_publicacao.go:159.48,162.3 2 0
api/src/controllers/controllers_publicacao.go:165.17,168.3 2 0
api/src/controllers/controllers_publicacao.go:173.63,175.17 2 0
api/src/controllers/controllers_publicacao.go:180.2,182.17 3 0
api/src/controllers/controllers_publicacao.go:187.2,188.17 2 0
api/src/controllers/controllers_publicacao.go:193.2,198.57 4 0
api/src/controllers/controllers_publicacao.go:203.2,204.17 2 0
api/src/controllers/controllers_publicacao.go:209.2,209.46 1 0
api/src/controllers/controllers_publicacao.go:175.17,178.3 2 0
api/src/controllers/controllers_publicacao.go:182.17,185.3 2 0
api/src/controllers/controllers_publicacao.go:188.17,191.3 2 0
api/src/controllers/controllers_publicacao.go:198.57,201.3 2 0
api/src/controllers/controllers_publicacao.go:204.17,207.3 2 0
api/src/controllers/controllers_publicacao.go:213.67,217.17 3 0
api/src/controllers/controllers_publicacao.go:222.2,223.17 2 0
api/src/controllers/controllers_publicacao.go:228.2,232.17 4 0
api/src/controllers/controllers_publicacao.go:237.2,237.47 1 0
api/src/controllers/controllers_publicacao.go:217.17,220.3 2 0
api/src/controllers/controllers_publicacao.go:223.17,226.3 2 0
api/src/controllers/controllers_publicacao.go:232.17,235.3 2 0
api/src/controllers/controllers_publicacao.go:241.58,244.17 3 0
api/src/controllers/controllers_publicacao.go:248.2,249.17 2 0
api/src/controllers/controllers_publicacao.go:253.2,257.17 4 0
api/src/controllers/controllers_publicacao.go:261.2,261.46 1 0
api/src/controllers/controllers_publicacao.go:244.17,246.3 1 0
api/src/controllers/controllers_publicacao.go:249.17,251.3 1 0
api/src/controllers/controllers_publicacao.go:257.17,259.3 1 0
api/src/controllers/controllers_publicacao.go:264.60,267.17 3 0
api/src/controllers/controllers_publicacao.go:271.2,272.17 2 0
api/src/controllers/controllers_publicacao.go:276.2,278.17 3 0
api/src/controllers/controllers_publicacao.go:282.2,282.46 1 0
api/src/controllers/controllers_publicacao.go:267.17,269.3 1 0
api/src/controllers/controllers_publicacao.go:272.17,274.3 1 0
api/src/controllers/controllers_publicacao.go:278.17,280.3 1 0
api/src/controllers/controllers_usuarios.go:22.59,24.17 2 0
api/src/controllers/controllers_usuarios.go:30.2,34.17 3 0
api/src/controllers/controllers_usuarios.go:39.2,40.17 2 0
api/src/controllers/controllers_usuarios.go:45.2,46.17 2 0
api/src/controllers/controllers_usuarios.go:50.2,54.17 4 0
api/src/controllers/controllers_usuarios.go:59.2,59.48 1 0
api/src/controllers/controllers_usuarios.go:24.17,28.3 2 0
api/src/controllers/controllers_usuarios.go:34.17,37.3 2 0
api/src/controllers/controllers_usuarios.go:40.17,43.3 2 0
api/src/controllers/controllers_usuarios.go:46.17,49.3 2 0
api/src/controllers/controllers_usuarios.go:54.17,58.3 2 0
api/src/controllers/controllers_usuarios.go:63.58,66.17 3 0
api/src/controllers/controllers_usuarios.go:71.2,75.17 4 0
api/src/controllers/controllers_usuarios.go:80.2,80.44 1 0
api/src/controllers/controllers_usuarios.go:66.17,69.3 2 0
api/src/controllers/controllers_usuarios.go:75.17,78.3 2 0
api/src/controllers/controllers_usuarios.go:84.57,87.17 3 0
api/src/controllers/controllers_usuarios.go:92.2,93.17 2 0
api/src/controllers/controllers_usuarios.go:97.2,102.43 4 0
api/src/controllers/controllers_usuarios.go:87.17,90.3 2 0
api/src/controllers/controllers_usuarios.go:93.17,96.3 2 0
api/src/controllers/controllers_usuarios.go:107.58,110.17 3 0
api/src/controllers/controllers_usuarios.go:115.2,116.17 2 0
api/src/controllers/controllers_usuarios.go:120.2,120.26 1 0
api/src/controllers/controllers_usuarios.go:125.2,126.17 2 0
api/src/controllers/controllers_usuarios.go:131.2,134.17 3 0
api/src/controllers/controllers_usuarios.go:139.2,140.17 2 0
api/src/controllers/controllers_usuarios.go:145.2,146.17 2 0
api/src/controllers/controllers_usuarios.go:151.2,155.17 4 0
api/src/controllers/controllers_usuarios.go:160.2,160.46 1 0
api/src/controllers/controllers_usuarios.go:110.17,113.3 2 0
api/src/controllers/controllers_usuarios.go:116.17,118.3 1 0
api/src/controllers/controllers_usuarios.go:120.26,123.3 2 0
api/src/controllers/controllers_usuarios.go:126.17,129.3 2 0
api/src/controllers/controllers_usuarios.go:134.17,137.3 2 0
api/src/controllers/controllers_usuarios.go:140.17,143.3 2 0
api/src/controllers/controllers_usuarios.go:146.17,149.3 2 0
api/src/controllers/controllers_usuarios.go:155.17,158.3 2 0
api/src/controllers/controllers_usuarios.go:164.60,168.17 3 0
api/src/controllers/controllers_usuarios.go:173.2,174.17 2 0
api/src/controllers/controllers_usuarios.go:179.2,179.26 1 0
api/src/controllers/controllers_usuarios.go:184.2,185.17 2 0
api/src/controllers/controllers_usuarios.go:190.2,195.46 4 0
api/src/controllers/controllers_usuarios.go:168.17,171.3 2 0
api/src/controllers/controllers_usuarios.go:174.17,177.3 2 0
api/src/controllers/controllers_usuarios.go:179.26,182.3 2 0
api/src/controllers/controllers_usuarios.go:185.17,188.3 2 0
api/src/controllers/controllers_usuarios.go:198.59,201.17 3 0
api/src/controllers/controllers_usuarios.go:206.2,207.17 2 0
api/src/controllers/controllers_usuarios.go:212.2,212.29 1 0
api/src/controllers/controllers_usuarios.go:217.2,218.17 2 0
api/src/controllers/controllers_usuarios.go:223.2,227.17 4 0
api/src/controllers/controllers_usuarios.go:231.2,231.46 1 0
api/src/controllers/controllers_usuarios.go:201.17,204.3 2 0
api/src/controllers/controllers_usuarios.go:207.17,210.3 2 0
api/src/controllers/controllers_usuarios.go:212.29,215.3 2 0
api/src/controllers/controllers_usuarios.go:218.17,221.3 2 0
api/src/controllers/controllers_usuarios.go:227.17,229.3 1 0
api/src/controllers/controllers_usuarios.go:235.61,238.17 3 0
api/src/controllers/controllers_usuarios.go:243.2,244.17 2 0
api/src/controllers/controllers_usuarios.go:249.2,249.29 1 0
api/src/controllers/controllers_usuarios.go:254.2,255.17 2 0
api/src/controllers/controllers_usuarios.go:259.2,263.17 4 0
api/src/controllers/controllers_usuarios.go:267.2,267.46 1 0
api/src/controllers/controllers_usuarios.go:238.17,241.3 2 0
api/src/controllers/controllers_usuarios.go:244.17,247.3 2 0
api/src/controllers/controllers_usuarios.go:249.29,252.3 2 0
api/src/controllers/controllers_usuarios.go:255.17,257.3 1 0
api/src/controllers/controllers_usuarios.go:263.17,265.3 1 0
api/src/controllers/controllers_usuarios.go:270.60,273.17 3 0
api/src/controllers/controllers_usuarios.go:278.2,279.17 2 0
api/src/controllers/controllers_usuarios.go:284.2,288.17 4 0
api/src/controllers/controllers_usuarios.go:293.2,293.46 1 0
api/src/controllers/controllers_usuarios.go:273.17,276.3 2 0
api/src/controllers/controllers_usuarios.go:279.17,282.3 2 0
api/src/controllers/controllers_usuarios.go:288.17,291.3 2 0
api/src/controllers/controllers_usuarios.go:296.59,299.17 3 0
api/src/controllers/controllers_usuarios.go:303.2,304.17 2 0
api/src/controllers/controllers_usuarios.go:308.2,312.17 4 0
api/src/controllers/controllers_usuarios.go:316.2,316.44 1 0
api/src/controllers/controllers_usuarios.go:299.17,301.3 1 0
api/src/controllers/controllers_usuarios.go:304.17,306.3 1 0
api/src/controllers/controllers_usuarios.go:312.17,314.3 1 0
api/src/controllers/controllers_usuarios.go:319.55,321.17 2 0
api/src/controllers/controllers_usuarios.go:326.2,328.17 3 0
api/src/controllers/controllers_usuarios.go:333.2,333.33 1 0
api/src/controllers/controllers_usuarios.go:338.2,339.17 2 0
api/src/controllers/controllers_usuarios.go:344.2,347.17 3 0
api/src/controllers/controllers_usuarios.go:352.2,353.17 2 0
api/src/controllers/controllers_usuarios.go:358.2,362.17 4 0
api/src/controllers/controllers_usuarios.go:367.2,368.17 2 0
api/src/controllers/controllers_usuarios.go:373.2,374.17 2 0
api/src/controllers/controllers_usuarios.go:379.2,380.17 2 0
api/src/controllers/controllers_usuarios.go:385.2,385.46 1 0
api/src/controllers/controllers_usuarios.go:321.17,324.3 2 0
api/src/controllers/controllers_usuarios.go:328.17,331.3 2 0
api/src/controllers/controllers_usuarios.go:333.33,336.3 2 0
api/src/controllers/controllers_usuarios.go:339.17,342.3 2 0
api/src/controllers/controllers_usuarios.go:347.17,350.3 2 0
api/src/controllers/controllers_usuarios.go:353.17,356.3 2 0
api/src/controllers/controllers_usuarios.go:362.17,365.3 2 0
api/src/controllers/controllers_usuarios.go:368.17,371.3 2 0
api/src/controllers/controllers_usuarios.go:374.17,377.3 2 0
api/src/controllers/controllers_usuarios.go:380.17,383.3 2 0
api/src/repositorios/repositorio_publicacao.go:14.78,16.2 1 0
api/src/repositorios/repositorio_publicacao.go:18.95,21.17 2 0
api/src/repositorios/repositorio_publicacao.go:27.2,29.17 2 0
api/src/repositorios/repositorio_publicacao.go:35.2,36.17 2 0
api/src/repositorios/repositorio_publicacao.go:41.2,41.31 1 0
api/src/repositorios/repositorio_publicacao.go:21.17,25.3 2 0
api/src/repositorios/repositorio_publicacao.go:29.17,33.3 2 0
api/src/repositorios/repositorio_publicacao.go:36.17,40.3 2 0
api/src/repositorios/repositorio_publicacao.go:44.100,49.17 2 0
api/src/repositorios/repositorio_publicacao.go:53.2,54.17 2 0
api/src/repositorios/repositorio_publicacao.go:58.2,61.16 3 0
api/src/repositorios/repositorio_publicacao.go:75.2,75.24 1 0
api/src/repositorios/repositorio_publicacao.go:49.17,51.3 1 0
api/src/repositorios/repositorio_publicacao.go:54.17,56.3 1 0
api/src/repositorios/repositorio_publicacao.go:61.16,71.18 2 0
api/src/repositorios/repositorio_publicacao.go:71.18,73.4 1 0
api/src/repositorios/repositorio_publicacao.go:78.98,85.17 2 0
api/src/repositorios/repositorio_publicacao.go:89.2,90.17 2 0
api/src/repositorios/repositorio_publicacao.go:94.2,96.18 2 0
api/src/repositorios/repositorio_publicacao.go:112.2,112.25 1 0
api/src/repositorios/repositorio_publicacao.go:85.17,87.3 1 0
api/src/repositorios/repositorio_publicacao.go:90.17,92.3 1 0
api/src/repositorios/repositorio_publicacao.go:96.18,107.18 3 0
api/src/repositorios/repositorio_publicacao.go:110.3,110.48 1 0
api/src/repositorios/repositorio_publicacao.go:107.18,109.4 1 0
api/src/repositorios/repositorio_publicacao.go:115.110,120.17 2 0
api/src/repositorios/repositorio_publicacao.go:123.2,126.17 3 0
api/src/repositorios/repositorio_publicacao.go:130.2,130.12 1 0
api/src/repositorios/repositorio_publicacao.go:120.17,122.3 1 0
api/src/repositorios/repositorio_publicacao.go:126.17,128.3 1 0
api/src/repositorios/repositorio_publicacao.go:133.77,135.17 2 0
api/src/repositorios/repositorio_publicacao.go:139.2,142.17 3 0
api/src/repositorios/repositorio_publicacao.go:146.2,146.12 1 0
api/src/repositorios/repositorio_publicacao.go:135.17,137.3 1 0
api/src/repositorios/repositorio_publicacao.go:142.17,144.3 1 0
api/src/repositorios/repositorio_publicacao.go:149.105,152.17 2 0
api/src/repositorios/repositorio_publicacao.go:156.2,159.17 3 0
api/src/repositorios/repositorio_publicacao.go:163.2,167.18 3 0
api/src/repositorios/repositorio_publicacao.go:183.2,183.25 1 0
api/src/repositorios/repositorio_publicacao.go:152.17,154.3 1 0
api/src/repositorios/repositorio_publicacao.go:159.17,161.3 1 0
api/src/repositorios/repositorio_publicacao.go:167.18,178.18 3 0
api/src/repositorios/repositorio_publicacao.go:181.3,181.48 1 0
api/src/repositorios/repositorio_publicacao.go:178.18,180.4 1 0
api/src/repositorios/repositorio_publicacao.go:186.66,189.17 2 0
api/src/repositorios/repositorio_publicacao.go:193.2,196.17 3 0
api/src/repositorios/repositorio_publicacao.go:200.2,200.12 1 0
api/src/repositorios/repositorio_publicacao.go:189.17,191.3 1 0
api/src/repositorios/repositorio_publicacao.go:196.17,198.3 1 0
api/src/repositorios/repositorio_publicacao.go:203.69,211.17 2 0
api/src/repositorios/repositorio_publicacao.go:214.2,217.17 3 0
api/src/repositorios/repositorio_publicacao.go:221.2,221.12 1 0
api/src/repositorios/repositorio_publicacao.go:211.17,213.3 1 0
api/src/repositorios/repositorio_publicacao.go:217.17,219.3 1 0
api/src/repositorios/respositorio_usuarios.go:14.73,16.2 1 5
api/src/repositorios/respositorio_usuarios.go:19.80,21.17 2 3
api/src/repositorios/respositorio_usuarios.go:24.2,27.17 3 2
api/src/repositorios/respositorio_usuarios.go:31.2,32.17 2 1
api/src/repositorios/respositorio_usuarios.go:36.2,36.38 1 1
api/src/repositorios/respositorio_usuarios.go:21.17,23.3 1 1
api/src/repositorios/respositorio_usuarios.go:27.17,29.3 1 1
api/src/repositorios/respositorio_usuarios.go:32.17,34.3 1 0
api/src/repositorios/respositorio_usuarios.go:40.86,45.17 3 1
api/src/repositorios/respositorio_usuarios.go:49.2,53.20 3 1
api/src/repositorios/respositorio_usuarios.go:70.2,70.22 1 1
api/src/repositorios/respositorio_usuarios.go:45.17,47.3 1 0
api/src/repositorios/respositorio_usuarios.go:53.20,62.18 3 1
api/src/repositorios/respositorio_usuarios.go:67.3,67.39 1 1
api/src/repositorios/respositorio_usuarios.go:62.18,65.4 1 0
api/src/repositorios/respositorio_usuarios.go:74.78,77.17 2 1
api/src/repositorios/respositorio_usuarios.go:81.2,84.18 3 1
api/src/repositorios/respositorio_usuarios.go:96.2,96.22 1 1
api/src/repositorios/respositorio_usuarios.go:77.17,79.3 1 0
api/src/repositorios/respositorio_usuarios.go:84.18,92.18 2 1
api/src/repositorios/respositorio_usuarios.go:92.18,94.4 1 0
api/src/repositorios/respositorio_usuarios.go:99.85,101.17 2 0
api/src/repositorios/respositorio_usuarios.go:105.2,108.17 3 0
api/src/repositorios/respositorio_usuarios.go:112.2,112.12 1 0
api/src/repositorios/respositorio_usuarios.go:101.17,103.3 1 0
api/src/repositorios/respositorio_usuarios.go:108.17,110.3 1 0
api/src/repositorios/respositorio_usuarios.go:116.58,118.17 2 0
api/src/repositorios/respositorio_usuarios.go:122.2,125.17 3 0
api/src/repositorios/respositorio_usuarios.go:129.2,129.12 1 0
api/src/repositorios/respositorio_usuarios.go:118.17,120.3 1 0
api/src/repositorios/respositorio_usuarios.go:125.17,127.3 1 0
api/src/repositorios/respositorio_usuarios.go:133.83,135.17 2 0
api/src/repositorios/respositorio_usuarios.go:139.2,141.19 2 0
api/src/repositorios/respositorio_usuarios.go:147.2,147.21 1 0
api/src/repositorios/respositorio_usuarios.go:135.17,137.3 1 0
api/src/repositorios/respositorio_usuarios.go:141.19,143.18 2 0
api/src/repositorios/respositorio_usuarios.go:143.18,145.4 1 0
api/src/repositorios/respositorio_usuarios.go:150.72,153.17 2 0
api/src/repositorios/respositorio_usuarios.go:157.2,160.17 3 0
api/src/repositorios/respositorio_usuarios.go:164.2,164.12 1 0
api/src/repositorios/respositorio_usuarios.go:153.17,155.3 1 0
api/src/repositorios/respositorio_usuarios.go:160.17,162.3 1 0
api/src/repositorios/respositorio_usuarios.go:167.78,170.17 2 0
api/src/repositorios/respositorio_usuarios.go:173.2,174.17 2 0
api/src/repositorios/respositorio_usuarios.go:178.2,178.12 1 0
api/src/repositorios/respositorio_usuarios.go:170.17,172.3 1 0
api/src/repositorios/respositorio_usuarios.go:174.17,176.3 1 0
api/src/repositorios/respositorio_usuarios.go:181.91,185.17 2 0
api/src/repositorios/respositorio_usuarios.go:189.2,193.18 3 0
api/src/repositorios/respositorio_usuarios.go:206.2,206.22 1 0
api/src/repositorios/respositorio_usuarios.go:185.17,187.3 1 0
api/src/repositorios/respositorio_usuarios.go:193.18,201.18 2 0
api/src/repositorios/respositorio_usuarios.go:204.3,204.39 1 0
api/src/repositorios/respositorio_usuarios.go:201.18,203.4 1 0
api/src/repositorios/respositorio_usuarios.go:209.89,212.17 2 0
api/src/repositorios/respositorio_usuarios.go:216.2,217.17 2 0
api/src/repositorios/respositorio_usuarios.go:221.2,223.18 2 0
api/src/repositorios/respositorio_usuarios.go:239.2,239.22 1 0
api/src/repositorios/respositorio_usuarios.go:212.17,214.3 1 0
api/src/repositorios/respositorio_usuarios.go:217.17,219.3 1 0
api/src/repositorios/respositorio_usuarios.go:223.18,233.18 3 0
api/src/repositorios/respositorio_usuarios.go:237.3,237.39 1 0
api/src/repositorios/respositorio_usuarios.go:233.18,235.4 1 0
api/src/repositorios/respositorio_usuarios.go:243.75,245.17 2 0
api/src/repositorios/respositorio_usuarios.go:249.2,253.16 3 0
api/src/repositorios/respositorio_usuarios.go:261.2,261.27 1 0
api/src/repositorios/respositorio_usuarios.go:245.17,247.3 1 0
api/src/repositorios/respositorio_usuarios.go:253.16,257.18 2 0
api/src/repositorios/respositorio_usuarios.go:257.18,259.4 1 0
api/src/repositorios/respositorio_usuarios.go:264.89,266.17 2 0
api/src/repositorios/respositorio_usuarios.go:270.2,271.17 2 0
api/src/repositorios/respositorio_usuarios.go:275.2,275.12 1 0
api/src/repositorios/respositorio_usuarios.go:266.17,268.3 1 0
api/src/repositorios/respositorio_usuarios.go:271.17,273.3 1 0
